Using pre-set license
Built from '2020.3/staging' branch; Version is '2020.3.14f1 (d0d1bb862f9d) revision 13685179'; Using compiler version '192528614'; Build Type 'Release'
OS: 'Windows 10 Home; OS build 19044.1586; Version 2009; 64bit' Language: 'en' Physical Memory: 16333 MB
BatchMode: 1, IsHumanControllingUs: 0, StartBugReporterOnCrash: 0, Is64bit: 1, IsPro: 0

 COMMAND LINE ARGUMENTS:
D:\2020.3.14f1\Editor\Unity.exe
-adb2
-batchMode
-noUpm
-name
AssetImportWorker0
-projectPath
E:/Projects/Rhea/Rhea
-logFile
Logs/AssetImportWorker0.log
-srvPort
3497
Successfully changed project path to: E:/Projects/Rhea/Rhea
E:/Projects/Rhea/Rhea
Using Asset Import Pipeline V2.
Refreshing native plugins compatible for Editor in 54.18 ms, found 2 plugins.
Preloading 0 native plugins for Editor in 0.00 ms.
Initialize engine version: 2020.3.14f1 (d0d1bb862f9d)
[Subsystems] Discovering subsystems at path D:/2020.3.14f1/Editor/Data/Resources/UnitySubsystems
[Subsystems] Discovering subsystems at path E:/Projects/Rhea/Rhea/Assets
GfxDevice: creating device client; threaded=0
Direct3D:
    Version:  Direct3D 11.0 [level 11.1]
    Renderer: NVIDIA GeForce GTX 1660 (ID=0x2184)
    Vendor:   
    VRAM:     5991 MB
    Driver:   27.21.14.6231
Shader 'Universal Render Pipeline/Particles/Lit': fallback shader 'Universal Render Pipeline/Particles/SimpleLit' not found
Initialize mono
Mono path[0] = 'D:/2020.3.14f1/Editor/Data/Managed'
Mono path[1] = 'D:/2020.3.14f1/Editor/Data/MonoBleedingEdge/lib/mono/unityjit'
Mono config path = 'D:/2020.3.14f1/Editor/Data/MonoBleedingEdge/etc'
Using monoOptions --debugger-agent=transport=dt_socket,embedding=1,server=y,suspend=n,address=127.0.0.1:56560
Begin MonoManager ReloadAssembly
Registering precompiled unity dll's ...
Register platform support module: D:/2020.3.14f1/Editor/Data/PlaybackEngines/WindowsStandaloneSupport/UnityEditor.WindowsStandalone.Extensions.dll
Registered in 0.002227 seconds.
Native extension for WindowsStandalone target not found
Refreshing native plugins compatible for Editor in 52.40 ms, found 2 plugins.
Preloading 0 native plugins for Editor in 0.00 ms.
Mono: successfully reloaded assembly
- Completed reload, in  1.015 seconds
Domain Reload Profiling:
	ReloadAssembly (1016ms)
		BeginReloadAssembly (56ms)
			ExecutionOrderSort (0ms)
			DisableScriptedObjects (0ms)
			BackupInstance (0ms)
			ReleaseScriptingObjects (0ms)
			CreateAndSetChildDomain (1ms)
		EndReloadAssembly (478ms)
			LoadAssemblies (55ms)
			RebuildTransferFunctionScriptingTraits (0ms)
			SetupTypeCache (168ms)
			ReleaseScriptCaches (0ms)
			RebuildScriptCaches (30ms)
			SetupLoadedEditorAssemblies (189ms)
				LogAssemblyErrors (0ms)
				InitializePlatformSupportModulesInManaged (4ms)
				SetLoadedEditorAssemblies (0ms)
				RefreshPlugins (53ms)
				BeforeProcessingInitializeOnLoad (14ms)
				ProcessInitializeOnLoadAttributes (89ms)
				ProcessInitializeOnLoadMethodAttributes (29ms)
				AfterProcessingInitializeOnLoad (0ms)
				EditorAssembliesLoaded (0ms)
			ExecutionOrderSort2 (0ms)
			AwakeInstancesAfterBackupRestoration (0ms)
Platform modules already initialized, skipping
Registering precompiled user dll's ...
Registered in 0.003781 seconds.
Begin MonoManager ReloadAssembly
Native extension for WindowsStandalone target not found
Refreshing native plugins compatible for Editor in 52.08 ms, found 2 plugins.
Preloading 0 native plugins for Editor in 0.00 ms.
Mono: successfully reloaded assembly
- Completed reload, in  1.208 seconds
Domain Reload Profiling:
	ReloadAssembly (1209ms)
		BeginReloadAssembly (151ms)
			ExecutionOrderSort (0ms)
			DisableScriptedObjects (5ms)
			BackupInstance (0ms)
			ReleaseScriptingObjects (0ms)
			CreateAndSetChildDomain (20ms)
		EndReloadAssembly (994ms)
			LoadAssemblies (93ms)
			RebuildTransferFunctionScriptingTraits (0ms)
			SetupTypeCache (340ms)
			ReleaseScriptCaches (1ms)
			RebuildScriptCaches (52ms)
			SetupLoadedEditorAssemblies (374ms)
				LogAssemblyErrors (0ms)
				InitializePlatformSupportModulesInManaged (4ms)
				SetLoadedEditorAssemblies (0ms)
				RefreshPlugins (52ms)
				BeforeProcessingInitializeOnLoad (94ms)
				ProcessInitializeOnLoadAttributes (215ms)
				ProcessInitializeOnLoadMethodAttributes (5ms)
				AfterProcessingInitializeOnLoad (3ms)
				EditorAssembliesLoaded (0ms)
			ExecutionOrderSort2 (0ms)
			AwakeInstancesAfterBackupRestoration (7ms)
Platform modules already initialized, skipping
========================================================================
Worker process is ready to serve import requests
Shader 'Universal Render Pipeline/Particles/Lit': fallback shader 'Universal Render Pipeline/Particles/SimpleLit' not found
Launched and connected shader compiler UnityShaderCompiler.exe after 0.06 seconds
Refreshing native plugins compatible for Editor in 0.70 ms, found 2 plugins.
Preloading 0 native plugins for Editor in 0.00 ms.
Unloading 2695 Unused Serialized files (Serialized files now loaded: 0)
System memory in use before: 121.9 MB.
System memory in use after: 122.0 MB.

Unloading 19 unused Assets to reduce memory usage. Loaded Objects now: 3128.
Total: 3.588200 ms (FindLiveObjects: 0.543400 ms CreateObjectMapping: 0.086600 ms MarkObjects: 2.864600 ms  DeleteObjects: 0.090400 ms)

AssetImportParameters requested are different than current active one (requested -> active):
  custom:framework-win-MediaFoundation: 216162199b28c13a410421893ffa2e32 -> 
  custom:video-decoder-ogg-theora: a1e56fd34408186e4bbccfd4996cb3dc -> 
  custom:container-muxer-webm: aa71ff27fc2769a1b78a27578f13a17b -> 
  custom:container-demuxer-webm: 4f35f7cbe854078d1ac9338744f61a02 -> 
  custom:container-demuxer-ogg: 62fdf1f143b41e24485cea50d1cbac27 -> 
  custom:video-encoder-webm-vp8: eb34c28f22e8b96e1ab97ce403110664 -> 
  custom:video-codec-MediaFoundation-h265: 746d11721c4dcdbdad8f713fa42b33f4 -> 
  custom:video-decoder-webm-vp8: 9c59270c3fd7afecdb556c50c9e8de78 -> 
  custom:audio-decoder-ogg-vorbis: bf7c407c2cedff20999df2af8eb42d56 -> 
  custom:audio-encoder-webm-vorbis: bf7c407c2cedff20999df2af8eb42d56 -> 
========================================================================
Received Import Request.
  path: Assets/Grass/GeometryGrass.shader
  artifactKey: Guid(c2d06863ccdd1c7459f3c76ebe23fcb8) Importer(815301076,1909f56bfc062723c751e8b465ee728b)
Start importing Assets/Grass/GeometryGrass.shader using Guid(c2d06863ccdd1c7459f3c76ebe23fcb8) Importer(815301076,1909f56bfc062723c751e8b465ee728b)  -> (artifact id: 'd0226417b0bdea489d4f18eab2571c0e') in 0.064440 seconds 
  Import took 0.069124 seconds .

========================================================================
Received Import Request.
  Time since last request: 9.044146 seconds.
  path: Assets/Grass/grassAtlasPainterly.png
  artifactKey: Guid(cc6e7d17894ee824ab3080dabe3cff89) Importer(815301076,1909f56bfc062723c751e8b465ee728b)
Start importing Assets/Grass/grassAtlasPainterly.png using Guid(cc6e7d17894ee824ab3080dabe3cff89) Importer(815301076,1909f56bfc062723c751e8b465ee728b)  -> (artifact id: '9f83c13a142ca3457ac28bef0cd49ba0') in 0.096191 seconds 
  Import took 0.101293 seconds .

========================================================================
Received Import Request.
  Time since last request: 0.000739 seconds.
  path: Assets/Grass/grassAtlasPainterly.png
  artifactKey: Guid(cc6e7d17894ee824ab3080dabe3cff89) Importer(815301076,1909f56bfc062723c751e8b465ee728b)
Start importing Assets/Grass/grassAtlasPainterly.png using Guid(cc6e7d17894ee824ab3080dabe3cff89) Importer(815301076,1909f56bfc062723c751e8b465ee728b)  -> (artifact id: '9f83c13a142ca3457ac28bef0cd49ba0') in 0.017610 seconds 
  Import took 0.022030 seconds .

========================================================================
Received Import Request.
  Time since last request: 17.172310 seconds.
  path: Assets/Grass/T_Lu_Noise_15.png
  artifactKey: Guid(44b27b467a00f0742be41f80f0d70e6f) Importer(815301076,1909f56bfc062723c751e8b465ee728b)
Start importing Assets/Grass/T_Lu_Noise_15.png using Guid(44b27b467a00f0742be41f80f0d70e6f) Importer(815301076,1909f56bfc062723c751e8b465ee728b)  -> (artifact id: '1baad8f478005977d32f9033f237b78c') in 0.018154 seconds 
  Import took 0.023981 seconds .

========================================================================
Received Import Request.
  Time since last request: 0.001144 seconds.
  path: Assets/Grass/T_Lu_Noise_15.png
  artifactKey: Guid(44b27b467a00f0742be41f80f0d70e6f) Importer(815301076,1909f56bfc062723c751e8b465ee728b)
Start importing Assets/Grass/T_Lu_Noise_15.png using Guid(44b27b467a00f0742be41f80f0d70e6f) Importer(815301076,1909f56bfc062723c751e8b465ee728b)  -> (artifact id: '1baad8f478005977d32f9033f237b78c') in 0.015020 seconds 
  Import took 0.019644 seconds .

========================================================================
Received Import Request.
  Time since last request: 3.910573 seconds.
  path: Assets/Grass/NoiseWindVector.png
  artifactKey: Guid(dd801d412441a2d4c86d38df38afa105) Importer(815301076,1909f56bfc062723c751e8b465ee728b)
Start importing Assets/Grass/NoiseWindVector.png using Guid(dd801d412441a2d4c86d38df38afa105) Importer(815301076,1909f56bfc062723c751e8b465ee728b)  -> (artifact id: '3e1475ee232e8ec08338d35a89e5904b') in 0.016789 seconds 
  Import took 0.021552 seconds .

========================================================================
Received Import Request.
  Time since last request: 0.002300 seconds.
  path: Assets/Grass/NoiseWindVector.png
  artifactKey: Guid(dd801d412441a2d4c86d38df38afa105) Importer(815301076,1909f56bfc062723c751e8b465ee728b)
Start importing Assets/Grass/NoiseWindVector.png using Guid(dd801d412441a2d4c86d38df38afa105) Importer(815301076,1909f56bfc062723c751e8b465ee728b)  -> (artifact id: '3e1475ee232e8ec08338d35a89e5904b') in 0.014389 seconds 
  Import took 0.018669 seconds .

========================================================================
Received Import Request.
  Time since last request: 9094.596691 seconds.
  path: Assets/Grass/GrassProfile.asset
  artifactKey: Guid(f5a72bb7301a0e146b7b73c4025b08f7) Importer(815301076,1909f56bfc062723c751e8b465ee728b)
Start importing Assets/Grass/GrassProfile.asset using Guid(f5a72bb7301a0e146b7b73c4025b08f7) Importer(815301076,1909f56bfc062723c751e8b465ee728b)  -> (artifact id: 'ef1fc2ea6d579a8c43a7a426420de3f5') in 1.533660 seconds 
  Import took 2.206925 seconds .

========================================================================
Received Import Request.
  Time since last request: 4.625723 seconds.
  path: Assets/Grass/VolumeProfile.asset
  artifactKey: Guid(f5a72bb7301a0e146b7b73c4025b08f7) Importer(815301076,1909f56bfc062723c751e8b465ee728b)
Start importing Assets/Grass/VolumeProfile.asset using Guid(f5a72bb7301a0e146b7b73c4025b08f7) Importer(815301076,1909f56bfc062723c751e8b465ee728b)  -> (artifact id: '12c983a3bcfbd84c57a0507602d65bb8') in 0.051298 seconds 
  Import took 0.055738 seconds .

========================================================================
Received Import Request.
  Time since last request: 8.321818 seconds.
  path: Assets/Presets/Defaults
  artifactKey: Guid(71ea82b02df99c2439e0dc8e4e1ebc24) Importer(815301076,1909f56bfc062723c751e8b465ee728b)
Start importing Assets/Presets/Defaults using Guid(71ea82b02df99c2439e0dc8e4e1ebc24) Importer(815301076,1909f56bfc062723c751e8b465ee728b)  -> (artifact id: 'a2a56981c996a89ef789297d7a3fb242') in 0.007617 seconds 
  Import took 0.012235 seconds .

========================================================================
Received Import Request.
  Time since last request: 0.000472 seconds.
  path: Assets/Presets/Defaults
  artifactKey: Guid(71ea82b02df99c2439e0dc8e4e1ebc24) Importer(815301076,1909f56bfc062723c751e8b465ee728b)
Start importing Assets/Presets/Defaults using Guid(71ea82b02df99c2439e0dc8e4e1ebc24) Importer(815301076,1909f56bfc062723c751e8b465ee728b)  -> (artifact id: 'a2a56981c996a89ef789297d7a3fb242') in 0.002814 seconds 
  Import took 0.007467 seconds .

========================================================================
Received Import Request.
  Time since last request: 12.915732 seconds.
  path: Assets/Grass/testScene.unity
  artifactKey: Guid(39a70e555297a7746a81f96541dab754) Importer(815301076,1909f56bfc062723c751e8b465ee728b)
Start importing Assets/Grass/testScene.unity using Guid(39a70e555297a7746a81f96541dab754) Importer(815301076,1909f56bfc062723c751e8b465ee728b)  -> (artifact id: '96660db00f716b0b54be51a7d7790d7f') in 0.213751 seconds 
  Import took 0.237065 seconds .

========================================================================
Received Import Request.
  Time since last request: 5.635482 seconds.
  path: Assets/Grass/ExampleScene.unity
  artifactKey: Guid(39a70e555297a7746a81f96541dab754) Importer(815301076,1909f56bfc062723c751e8b465ee728b)
Start importing Assets/Grass/ExampleScene.unity using Guid(39a70e555297a7746a81f96541dab754) Importer(815301076,1909f56bfc062723c751e8b465ee728b)  -> (artifact id: '390085de8fc2c71c8b54fc17634a0534') in 0.091382 seconds 
  Import took 0.095858 seconds .

========================================================================
Received Import Request.
  Time since last request: 83.569601 seconds.
  path: Assets/Scenes/SampleScene.unity
  artifactKey: Guid(d1c3109bdb54ad54c8a2b2838528e640) Importer(815301076,1909f56bfc062723c751e8b465ee728b)
Start importing Assets/Scenes/SampleScene.unity using Guid(d1c3109bdb54ad54c8a2b2838528e640) Importer(815301076,1909f56bfc062723c751e8b465ee728b)  -> (artifact id: '81d2c4ad5db8481444af4f4aa9d67372') in 0.025415 seconds 
  Import took 0.030059 seconds .

========================================================================
Received Prepare
Registering precompiled user dll's ...
Registered in 0.035801 seconds.
Begin MonoManager ReloadAssembly
Native extension for WindowsStandalone target not found
Refreshing native plugins compatible for Editor in 0.75 ms, found 2 plugins.
Preloading 0 native plugins for Editor in 0.00 ms.
Mono: successfully reloaded assembly
- Completed reload, in  1.540 seconds
Domain Reload Profiling:
	ReloadAssembly (1541ms)
		BeginReloadAssembly (321ms)
			ExecutionOrderSort (0ms)
			DisableScriptedObjects (15ms)
			BackupInstance (0ms)
			ReleaseScriptingObjects (0ms)
			CreateAndSetChildDomain (155ms)
		EndReloadAssembly (1155ms)
			LoadAssemblies (155ms)
			RebuildTransferFunctionScriptingTraits (0ms)
			SetupTypeCache (501ms)
			ReleaseScriptCaches (2ms)
			RebuildScriptCaches (52ms)
			SetupLoadedEditorAssemblies (336ms)
				LogAssemblyErrors (0ms)
				InitializePlatformSupportModulesInManaged (5ms)
				SetLoadedEditorAssemblies (1ms)
				RefreshPlugins (1ms)
				BeforeProcessingInitializeOnLoad (109ms)
				ProcessInitializeOnLoadAttributes (213ms)
				ProcessInitializeOnLoadMethodAttributes (4ms)
				AfterProcessingInitializeOnLoad (3ms)
				EditorAssembliesLoaded (0ms)
			ExecutionOrderSort2 (0ms)
			AwakeInstancesAfterBackupRestoration (11ms)
Platform modules already initialized, skipping
Shader 'Universal Render Pipeline/Particles/Lit': fallback shader 'Universal Render Pipeline/Particles/SimpleLit' not found
Refreshing native plugins compatible for Editor in 0.81 ms, found 2 plugins.
Preloading 0 native plugins for Editor in 0.00 ms.
Unloading 2586 Unused Serialized files (Serialized files now loaded: 0)
System memory in use before: 114.9 MB.
System memory in use after: 115.1 MB.

Unloading 14 unused Assets to reduce memory usage. Loaded Objects now: 3133.
Total: 3.559700 ms (FindLiveObjects: 0.431800 ms CreateObjectMapping: 0.094200 ms MarkObjects: 2.991000 ms  DeleteObjects: 0.040500 ms)

AssetImportParameters requested are different than current active one (requested -> active):
  custom:framework-win-MediaFoundation: 216162199b28c13a410421893ffa2e32 -> 
  custom:video-decoder-ogg-theora: a1e56fd34408186e4bbccfd4996cb3dc -> 
  custom:container-muxer-webm: aa71ff27fc2769a1b78a27578f13a17b -> 
  custom:container-demuxer-webm: 4f35f7cbe854078d1ac9338744f61a02 -> 
  custom:container-demuxer-ogg: 62fdf1f143b41e24485cea50d1cbac27 -> 
  custom:video-encoder-webm-vp8: eb34c28f22e8b96e1ab97ce403110664 -> 
  custom:video-codec-MediaFoundation-h265: 746d11721c4dcdbdad8f713fa42b33f4 -> 
  custom:video-decoder-webm-vp8: 9c59270c3fd7afecdb556c50c9e8de78 -> 
  custom:audio-decoder-ogg-vorbis: bf7c407c2cedff20999df2af8eb42d56 -> 
  custom:audio-encoder-webm-vorbis: bf7c407c2cedff20999df2af8eb42d56 -> 
========================================================================
Received Import Request.
  Time since last request: 31.468200 seconds.
  path: Assets
  artifactKey: Guid(00000000000000001000000000000000) Importer(815301076,1909f56bfc062723c751e8b465ee728b)
Start importing Assets using Guid(00000000000000001000000000000000) Importer(815301076,1909f56bfc062723c751e8b465ee728b)  -> (artifact id: '42d402b061de3733987d63b9cc3b64de') in 0.011413 seconds 
  Import took 0.015541 seconds .

========================================================================
Received Import Request.
  Time since last request: 0.000223 seconds.
  path: Assets/Shaders
  artifactKey: Guid(daaabd18d5d7bfd49b206cd71c95fc2b) Importer(815301076,1909f56bfc062723c751e8b465ee728b)
Start importing Assets/Shaders using Guid(daaabd18d5d7bfd49b206cd71c95fc2b) Importer(815301076,1909f56bfc062723c751e8b465ee728b)  -> (artifact id: 'cf6904936437214a28ee813be109d719') in 0.006238 seconds 
  Import took 0.010431 seconds .

========================================================================
Received Import Request.
  Time since last request: 3.315620 seconds.
  path: Assets/Materials
  artifactKey: Guid(715782327e6bf744eae1bf46c58af090) Importer(815301076,1909f56bfc062723c751e8b465ee728b)
Start importing Assets/Materials using Guid(715782327e6bf744eae1bf46c58af090) Importer(815301076,1909f56bfc062723c751e8b465ee728b)  -> (artifact id: '9fa1a6e40fd4583ba47d1e9023aadeab') in 0.026851 seconds 
  Import took 0.031742 seconds .

========================================================================
Received Prepare
Registering precompiled user dll's ...
Registered in 0.003532 seconds.
Begin MonoManager ReloadAssembly
Native extension for WindowsStandalone target not found
Refreshing native plugins compatible for Editor in 0.79 ms, found 2 plugins.
Preloading 0 native plugins for Editor in 0.00 ms.
Mono: successfully reloaded assembly
- Completed reload, in  1.110 seconds
Domain Reload Profiling:
	ReloadAssembly (1110ms)
		BeginReloadAssembly (118ms)
			ExecutionOrderSort (0ms)
			DisableScriptedObjects (7ms)
			BackupInstance (0ms)
			ReleaseScriptingObjects (0ms)
			CreateAndSetChildDomain (39ms)
		EndReloadAssembly (930ms)
			LoadAssemblies (99ms)
			RebuildTransferFunctionScriptingTraits (0ms)
			SetupTypeCache (339ms)
			ReleaseScriptCaches (2ms)
			RebuildScriptCaches (52ms)
			SetupLoadedEditorAssemblies (329ms)
				LogAssemblyErrors (0ms)
				InitializePlatformSupportModulesInManaged (6ms)
				SetLoadedEditorAssemblies (1ms)
				RefreshPlugins (1ms)
				BeforeProcessingInitializeOnLoad (104ms)
				ProcessInitializeOnLoadAttributes (211ms)
				ProcessInitializeOnLoadMethodAttributes (5ms)
				AfterProcessingInitializeOnLoad (3ms)
				EditorAssembliesLoaded (0ms)
			ExecutionOrderSort2 (0ms)
			AwakeInstancesAfterBackupRestoration (10ms)
Platform modules already initialized, skipping
Shader 'Universal Render Pipeline/Particles/Lit': fallback shader 'Universal Render Pipeline/Particles/SimpleLit' not found
Refreshing native plugins compatible for Editor in 0.60 ms, found 2 plugins.
Preloading 0 native plugins for Editor in 0.00 ms.
Unloading 2586 Unused Serialized files (Serialized files now loaded: 0)
System memory in use before: 114.9 MB.
System memory in use after: 115.1 MB.

Unloading 14 unused Assets to reduce memory usage. Loaded Objects now: 3136.
Total: 2.975900 ms (FindLiveObjects: 0.312000 ms CreateObjectMapping: 0.071700 ms MarkObjects: 2.559900 ms  DeleteObjects: 0.030400 ms)

AssetImportParameters requested are different than current active one (requested -> active):
  custom:framework-win-MediaFoundation: 216162199b28c13a410421893ffa2e32 -> 
  custom:video-decoder-ogg-theora: a1e56fd34408186e4bbccfd4996cb3dc -> 
  custom:container-muxer-webm: aa71ff27fc2769a1b78a27578f13a17b -> 
  custom:container-demuxer-webm: 4f35f7cbe854078d1ac9338744f61a02 -> 
  custom:container-demuxer-ogg: 62fdf1f143b41e24485cea50d1cbac27 -> 
  custom:video-encoder-webm-vp8: eb34c28f22e8b96e1ab97ce403110664 -> 
  custom:video-codec-MediaFoundation-h265: 746d11721c4dcdbdad8f713fa42b33f4 -> 
  custom:video-decoder-webm-vp8: 9c59270c3fd7afecdb556c50c9e8de78 -> 
  custom:audio-decoder-ogg-vorbis: bf7c407c2cedff20999df2af8eb42d56 -> 
  custom:audio-encoder-webm-vorbis: bf7c407c2cedff20999df2af8eb42d56 -> 
========================================================================
Received Import Request.
  Time since last request: 25.674529 seconds.
  path: Assets/Grass/grassAtlasPainterly.png
  artifactKey: Guid(cc6e7d17894ee824ab3080dabe3cff89) Importer(815301076,1909f56bfc062723c751e8b465ee728b)
Start importing Assets/Grass/grassAtlasPainterly.png using Guid(cc6e7d17894ee824ab3080dabe3cff89) Importer(815301076,1909f56bfc062723c751e8b465ee728b)  -> (artifact id: '342f71595f2fe79db103ace094654b07') in 0.156793 seconds 
  Import took 0.161336 seconds .

========================================================================
Received Import Request.
  Time since last request: 9.746532 seconds.
  path: Assets/Resources
  artifactKey: Guid(c7f47c4c6ca6e8c4ca79c817e0a8fe55) Importer(815301076,1909f56bfc062723c751e8b465ee728b)
Start importing Assets/Resources using Guid(c7f47c4c6ca6e8c4ca79c817e0a8fe55) Importer(815301076,1909f56bfc062723c751e8b465ee728b)  -> (artifact id: 'ce69bee495c222c16f9da5d998ec03e8') in 0.007343 seconds 
  Import took 0.011879 seconds .

========================================================================
Received Prepare
Registering precompiled user dll's ...
Registered in 0.003599 seconds.
Begin MonoManager ReloadAssembly
Native extension for WindowsStandalone target not found
Refreshing native plugins compatible for Editor in 0.68 ms, found 2 plugins.
Preloading 0 native plugins for Editor in 0.00 ms.
Mono: successfully reloaded assembly
- Completed reload, in  1.094 seconds
Domain Reload Profiling:
	ReloadAssembly (1095ms)
		BeginReloadAssembly (115ms)
			ExecutionOrderSort (0ms)
			DisableScriptedObjects (6ms)
			BackupInstance (0ms)
			ReleaseScriptingObjects (0ms)
			CreateAndSetChildDomain (45ms)
		EndReloadAssembly (905ms)
			LoadAssemblies (90ms)
			RebuildTransferFunctionScriptingTraits (0ms)
			SetupTypeCache (333ms)
			ReleaseScriptCaches (2ms)
			RebuildScriptCaches (55ms)
			SetupLoadedEditorAssemblies (308ms)
				LogAssemblyErrors (0ms)
				InitializePlatformSupportModulesInManaged (5ms)
				SetLoadedEditorAssemblies (1ms)
				RefreshPlugins (1ms)
				BeforeProcessingInitializeOnLoad (97ms)
				ProcessInitializeOnLoadAttributes (197ms)
				ProcessInitializeOnLoadMethodAttributes (5ms)
				AfterProcessingInitializeOnLoad (3ms)
				EditorAssembliesLoaded (0ms)
			ExecutionOrderSort2 (0ms)
			AwakeInstancesAfterBackupRestoration (10ms)
Platform modules already initialized, skipping
Shader 'Universal Render Pipeline/Particles/Lit': fallback shader 'Universal Render Pipeline/Particles/SimpleLit' not found
Refreshing native plugins compatible for Editor in 1.01 ms, found 2 plugins.
Preloading 0 native plugins for Editor in 0.00 ms.
Unloading 2586 Unused Serialized files (Serialized files now loaded: 0)
System memory in use before: 115.0 MB.
System memory in use after: 115.2 MB.

Unloading 14 unused Assets to reduce memory usage. Loaded Objects now: 3139.
Total: 3.194800 ms (FindLiveObjects: 0.312500 ms CreateObjectMapping: 0.068700 ms MarkObjects: 2.786600 ms  DeleteObjects: 0.025300 ms)

AssetImportParameters requested are different than current active one (requested -> active):
  custom:framework-win-MediaFoundation: 216162199b28c13a410421893ffa2e32 -> 
  custom:video-decoder-ogg-theora: a1e56fd34408186e4bbccfd4996cb3dc -> 
  custom:container-muxer-webm: aa71ff27fc2769a1b78a27578f13a17b -> 
  custom:container-demuxer-webm: 4f35f7cbe854078d1ac9338744f61a02 -> 
  custom:container-demuxer-ogg: 62fdf1f143b41e24485cea50d1cbac27 -> 
  custom:video-encoder-webm-vp8: eb34c28f22e8b96e1ab97ce403110664 -> 
  custom:video-codec-MediaFoundation-h265: 746d11721c4dcdbdad8f713fa42b33f4 -> 
  custom:video-decoder-webm-vp8: 9c59270c3fd7afecdb556c50c9e8de78 -> 
  custom:audio-decoder-ogg-vorbis: bf7c407c2cedff20999df2af8eb42d56 -> 
  custom:audio-encoder-webm-vorbis: bf7c407c2cedff20999df2af8eb42d56 -> 
========================================================================
Received Prepare
Registering precompiled user dll's ...
Registered in 0.003765 seconds.
Begin MonoManager ReloadAssembly
Native extension for WindowsStandalone target not found
Refreshing native plugins compatible for Editor in 0.55 ms, found 2 plugins.
Preloading 0 native plugins for Editor in 0.00 ms.
Mono: successfully reloaded assembly
- Completed reload, in  1.069 seconds
Domain Reload Profiling:
	ReloadAssembly (1070ms)
		BeginReloadAssembly (109ms)
			ExecutionOrderSort (0ms)
			DisableScriptedObjects (5ms)
			BackupInstance (0ms)
			ReleaseScriptingObjects (0ms)
			CreateAndSetChildDomain (35ms)
		EndReloadAssembly (891ms)
			LoadAssemblies (92ms)
			RebuildTransferFunctionScriptingTraits (0ms)
			SetupTypeCache (323ms)
			ReleaseScriptCaches (2ms)
			RebuildScriptCaches (53ms)
			SetupLoadedEditorAssemblies (312ms)
				LogAssemblyErrors (0ms)
				InitializePlatformSupportModulesInManaged (5ms)
				SetLoadedEditorAssemblies (0ms)
				RefreshPlugins (1ms)
				BeforeProcessingInitializeOnLoad (98ms)
				ProcessInitializeOnLoadAttributes (201ms)
				ProcessInitializeOnLoadMethodAttributes (4ms)
				AfterProcessingInitializeOnLoad (3ms)
				EditorAssembliesLoaded (0ms)
			ExecutionOrderSort2 (0ms)
			AwakeInstancesAfterBackupRestoration (11ms)
Platform modules already initialized, skipping
Shader 'Universal Render Pipeline/Particles/Lit': fallback shader 'Universal Render Pipeline/Particles/SimpleLit' not found
Refreshing native plugins compatible for Editor in 0.54 ms, found 2 plugins.
Preloading 0 native plugins for Editor in 0.00 ms.
Unloading 2586 Unused Serialized files (Serialized files now loaded: 0)
System memory in use before: 115.0 MB.
System memory in use after: 115.2 MB.

Unloading 14 unused Assets to reduce memory usage. Loaded Objects now: 3142.
Total: 2.595900 ms (FindLiveObjects: 0.319200 ms CreateObjectMapping: 0.069900 ms MarkObjects: 2.186500 ms  DeleteObjects: 0.018800 ms)

AssetImportParameters requested are different than current active one (requested -> active):
  custom:framework-win-MediaFoundation: 216162199b28c13a410421893ffa2e32 -> 
  custom:video-decoder-ogg-theora: a1e56fd34408186e4bbccfd4996cb3dc -> 
  custom:container-muxer-webm: aa71ff27fc2769a1b78a27578f13a17b -> 
  custom:container-demuxer-webm: 4f35f7cbe854078d1ac9338744f61a02 -> 
  custom:container-demuxer-ogg: 62fdf1f143b41e24485cea50d1cbac27 -> 
  custom:video-encoder-webm-vp8: eb34c28f22e8b96e1ab97ce403110664 -> 
  custom:video-codec-MediaFoundation-h265: 746d11721c4dcdbdad8f713fa42b33f4 -> 
  custom:video-decoder-webm-vp8: 9c59270c3fd7afecdb556c50c9e8de78 -> 
  custom:audio-decoder-ogg-vorbis: bf7c407c2cedff20999df2af8eb42d56 -> 
  custom:audio-encoder-webm-vorbis: bf7c407c2cedff20999df2af8eb42d56 -> 
========================================================================
Received Import Request.
  Time since last request: 15.792236 seconds.
  path: Assets/Grass
  artifactKey: Guid(95b55b7be53d0e74ab1a2533c587cd6e) Importer(815301076,1909f56bfc062723c751e8b465ee728b)
Start importing Assets/Grass using Guid(95b55b7be53d0e74ab1a2533c587cd6e) Importer(815301076,1909f56bfc062723c751e8b465ee728b)  -> (artifact id: 'f76ba9180d23a4f57ac2164197e6bce0') in 0.010684 seconds 
  Import took 0.015002 seconds .

========================================================================
Received Prepare
Registering precompiled user dll's ...
Registered in 0.003560 seconds.
Begin MonoManager ReloadAssembly
Native extension for WindowsStandalone target not found
Refreshing native plugins compatible for Editor in 0.57 ms, found 2 plugins.
Preloading 0 native plugins for Editor in 0.00 ms.
Mono: successfully reloaded assembly
- Completed reload, in  1.059 seconds
Domain Reload Profiling:
	ReloadAssembly (1059ms)
		BeginReloadAssembly (115ms)
			ExecutionOrderSort (0ms)
			DisableScriptedObjects (5ms)
			BackupInstance (0ms)
			ReleaseScriptingObjects (0ms)
			CreateAndSetChildDomain (43ms)
		EndReloadAssembly (882ms)
			LoadAssemblies (92ms)
			RebuildTransferFunctionScriptingTraits (0ms)
			SetupTypeCache (312ms)
			ReleaseScriptCaches (2ms)
			RebuildScriptCaches (53ms)
			SetupLoadedEditorAssemblies (310ms)
				LogAssemblyErrors (0ms)
				InitializePlatformSupportModulesInManaged (5ms)
				SetLoadedEditorAssemblies (0ms)
				RefreshPlugins (1ms)
				BeforeProcessingInitializeOnLoad (97ms)
				ProcessInitializeOnLoadAttributes (200ms)
				ProcessInitializeOnLoadMethodAttributes (4ms)
				AfterProcessingInitializeOnLoad (3ms)
				EditorAssembliesLoaded (0ms)
			ExecutionOrderSort2 (0ms)
			AwakeInstancesAfterBackupRestoration (10ms)
Platform modules already initialized, skipping
Shader 'Universal Render Pipeline/Particles/Lit': fallback shader 'Universal Render Pipeline/Particles/SimpleLit' not found
Refreshing native plugins compatible for Editor in 0.54 ms, found 2 plugins.
Preloading 0 native plugins for Editor in 0.00 ms.
Unloading 2586 Unused Serialized files (Serialized files now loaded: 0)
System memory in use before: 115.0 MB.
System memory in use after: 115.2 MB.

Unloading 14 unused Assets to reduce memory usage. Loaded Objects now: 3145.
Total: 2.644800 ms (FindLiveObjects: 0.314500 ms CreateObjectMapping: 0.077000 ms MarkObjects: 2.230600 ms  DeleteObjects: 0.021600 ms)

AssetImportParameters requested are different than current active one (requested -> active):
  custom:framework-win-MediaFoundation: 216162199b28c13a410421893ffa2e32 -> 
  custom:video-decoder-ogg-theora: a1e56fd34408186e4bbccfd4996cb3dc -> 
  custom:container-muxer-webm: aa71ff27fc2769a1b78a27578f13a17b -> 
  custom:container-demuxer-webm: 4f35f7cbe854078d1ac9338744f61a02 -> 
  custom:container-demuxer-ogg: 62fdf1f143b41e24485cea50d1cbac27 -> 
  custom:video-encoder-webm-vp8: eb34c28f22e8b96e1ab97ce403110664 -> 
  custom:video-codec-MediaFoundation-h265: 746d11721c4dcdbdad8f713fa42b33f4 -> 
  custom:video-decoder-webm-vp8: 9c59270c3fd7afecdb556c50c9e8de78 -> 
  custom:audio-decoder-ogg-vorbis: bf7c407c2cedff20999df2af8eb42d56 -> 
  custom:audio-encoder-webm-vorbis: bf7c407c2cedff20999df2af8eb42d56 -> 
========================================================================
Received Import Request.
  Time since last request: 15.463457 seconds.
  path: Assets/Resources/Textures
  artifactKey: Guid(ff75b47e6e406e64d88974d388938778) Importer(815301076,1909f56bfc062723c751e8b465ee728b)
Start importing Assets/Resources/Textures using Guid(ff75b47e6e406e64d88974d388938778) Importer(815301076,1909f56bfc062723c751e8b465ee728b)  -> (artifact id: 'cea5ab3d578275230e393e40367a8063') in 0.012422 seconds 
  Import took 0.017537 seconds .

========================================================================
Received Import Request.
  Time since last request: 5.041749 seconds.
  path: Assets/Grass/NoiseBrushy.png
  artifactKey: Guid(d13686da54c6fd643af970dcf0ae0bbb) Importer(815301076,1909f56bfc062723c751e8b465ee728b)
Start importing Assets/Grass/NoiseBrushy.png using Guid(d13686da54c6fd643af970dcf0ae0bbb) Importer(815301076,1909f56bfc062723c751e8b465ee728b)  -> (artifact id: '0bbd94a3dff167dd3c1bd0368d166438') in 0.108255 seconds 
  Import took 0.112697 seconds .

========================================================================
Received Import Request.
  Time since last request: 3.535451 seconds.
  path: Assets/Grass/T_Lu_Noise_12.png
  artifactKey: Guid(bb7253626bd3c294a96ac610f41781e8) Importer(815301076,1909f56bfc062723c751e8b465ee728b)
Start importing Assets/Grass/T_Lu_Noise_12.png using Guid(bb7253626bd3c294a96ac610f41781e8) Importer(815301076,1909f56bfc062723c751e8b465ee728b)  -> (artifact id: 'c2b5fb63fb8595909ff8d5dc10b36360') in 0.037933 seconds 
  Import took 0.042137 seconds .

========================================================================
Received Import Request.
  Time since last request: 4.069172 seconds.
  path: Assets/Grass/T_Random_56.png
  artifactKey: Guid(ecb962024fa9aa842825f1616eae6a1b) Importer(815301076,1909f56bfc062723c751e8b465ee728b)
Start importing Assets/Grass/T_Random_56.png using Guid(ecb962024fa9aa842825f1616eae6a1b) Importer(815301076,1909f56bfc062723c751e8b465ee728b)  -> (artifact id: 'f25399109e7e31fed31cec62b2816877') in 0.018039 seconds 
  Import took 0.022646 seconds .

========================================================================
Received Import Request.
  Time since last request: 6.305234 seconds.
  path: Assets/Grass/NoiseMarbled.png
  artifactKey: Guid(44b27b467a00f0742be41f80f0d70e6f) Importer(815301076,1909f56bfc062723c751e8b465ee728b)
Start importing Assets/Grass/NoiseMarbled.png using Guid(44b27b467a00f0742be41f80f0d70e6f) Importer(815301076,1909f56bfc062723c751e8b465ee728b)  -> (artifact id: '7746696c675055fb62df411fa3a46fec') in 0.030919 seconds 
  Import took 0.036604 seconds .

========================================================================
Received Import Request.
  Time since last request: 5.570718 seconds.
  path: Assets/Grass/NoiseVectorWind.png
  artifactKey: Guid(dd801d412441a2d4c86d38df38afa105) Importer(815301076,1909f56bfc062723c751e8b465ee728b)
Start importing Assets/Grass/NoiseVectorWind.png using Guid(dd801d412441a2d4c86d38df38afa105) Importer(815301076,1909f56bfc062723c751e8b465ee728b)  -> (artifact id: 'bb631db62439e835cfbe680a4ec66a42') in 0.040241 seconds 
  Import took 0.044565 seconds .

========================================================================
Received Import Request.
  Time since last request: 10.630644 seconds.
  path: Assets/Resources/Models
  artifactKey: Guid(0a1421f84ce235d4a86a96e5c810e995) Importer(815301076,1909f56bfc062723c751e8b465ee728b)
Start importing Assets/Resources/Models using Guid(0a1421f84ce235d4a86a96e5c810e995) Importer(815301076,1909f56bfc062723c751e8b465ee728b)  -> (artifact id: '7bb3682382f9a410ef6dfc3892ef15b0') in 0.007107 seconds 
  Import took 0.011765 seconds .

========================================================================
Received Import Request.
  Time since last request: 17.466601 seconds.
  path: Assets/Resources/Shaders/Editor
  artifactKey: Guid(9bf0d25d8e9b41940bd49cd1ebf8e2b5) Importer(815301076,1909f56bfc062723c751e8b465ee728b)
Start importing Assets/Resources/Shaders/Editor using Guid(9bf0d25d8e9b41940bd49cd1ebf8e2b5) Importer(815301076,1909f56bfc062723c751e8b465ee728b)  -> (artifact id: 'c3fa39ef5e607d82bea74b69c72922a5') in 0.008456 seconds 
  Import took 0.012873 seconds .

========================================================================
Received Import Request.
  Time since last request: 0.000339 seconds.
  path: Assets/Resources/Shaders/Editor
  artifactKey: Guid(9bf0d25d8e9b41940bd49cd1ebf8e2b5) Importer(815301076,1909f56bfc062723c751e8b465ee728b)
Start importing Assets/Resources/Shaders/Editor using Guid(9bf0d25d8e9b41940bd49cd1ebf8e2b5) Importer(815301076,1909f56bfc062723c751e8b465ee728b)  -> (artifact id: 'c3fa39ef5e607d82bea74b69c72922a5') in 0.003002 seconds 
  Import took 0.006988 seconds .

========================================================================
Received Import Request.
  Time since last request: 7.308337 seconds.
  path: Assets/Resources/Textures/grassAtlasTesting.png
  artifactKey: Guid(f42bb3e97d6f0f24c847e1fa497d50f8) Importer(815301076,1909f56bfc062723c751e8b465ee728b)
Start importing Assets/Resources/Textures/grassAtlasTesting.png using Guid(f42bb3e97d6f0f24c847e1fa497d50f8) Importer(815301076,1909f56bfc062723c751e8b465ee728b)  -> (artifact id: 'b3d7ab5f15e6954a05a8fa1931dba803') in 0.021376 seconds 
  Import took 0.026036 seconds .

========================================================================
Received Import Request.
  Time since last request: 4.063896 seconds.
  path: Assets/Resources/Models/vertexColorPlane.fbx
  artifactKey: Guid(c67f056f3acec10499604eabeb722af4) Importer(815301076,1909f56bfc062723c751e8b465ee728b)
Start importing Assets/Resources/Models/vertexColorPlane.fbx using Guid(c67f056f3acec10499604eabeb722af4) Importer(815301076,1909f56bfc062723c751e8b465ee728b)  -> (artifact id: '707aeba17d0876453674229dd213f556') in 1.131019 seconds 
  Import took 1.136230 seconds .

========================================================================
Received Import Request.
  Time since last request: 4.789093 seconds.
  path: Assets/Resources/Models/vertexColorPlane.fbx
  artifactKey: Guid(c67f056f3acec10499604eabeb722af4) Importer(815301076,1909f56bfc062723c751e8b465ee728b)
Start importing Assets/Resources/Models/vertexColorPlane.fbx using Guid(c67f056f3acec10499604eabeb722af4) Importer(815301076,1909f56bfc062723c751e8b465ee728b)  -> (artifact id: 'acf223e66c82e40d8c1a12161eca7eeb') in 0.027566 seconds 
  Import took 0.032463 seconds .

========================================================================
Received Import Request.
  Time since last request: 78.330526 seconds.
  path: Assets/Resources/Models/vertexColorPlane.fbx
  artifactKey: Guid(c67f056f3acec10499604eabeb722af4) Importer(815301076,1909f56bfc062723c751e8b465ee728b)
Start importing Assets/Resources/Models/vertexColorPlane.fbx using Guid(c67f056f3acec10499604eabeb722af4) Importer(815301076,1909f56bfc062723c751e8b465ee728b)  -> (artifact id: 'c6e5139142bc1677a1175ba4e5aff002') in 0.029447 seconds 
  Import took 0.034333 seconds .

========================================================================
Received Import Request.
  Time since last request: 3.628537 seconds.
  path: Assets/Resources/Models/vertexColorPlane.fbx
  artifactKey: Guid(c67f056f3acec10499604eabeb722af4) Importer(815301076,1909f56bfc062723c751e8b465ee728b)
Start importing Assets/Resources/Models/vertexColorPlane.fbx using Guid(c67f056f3acec10499604eabeb722af4) Importer(815301076,1909f56bfc062723c751e8b465ee728b)  -> (artifact id: '3d64b6cf193c456bc2228bbe1d6f66db') in 0.028863 seconds 
  Import took 0.033497 seconds .

AssetImportWorkerClient::OnTransportError - code=2 error=End of file
